<?xml version="1.0" encoding="UTF-8"?>
<testsuite name="com.adobe.aem.core.impl.SolrServerConfigTest" time="0.18" tests="5" errors="5" skipped="0" failures="0">
  <properties>
[...]
</properties>
  <testcase name="testGetSolrProtocol" classname="com.adobe.aem.core.impl.SolrServerConfigTest" time="0.177">
    <error type="java.lang.NullPointerException:">java.lang.NullPointerException: null
	at com.adobe.aem.core.impl.SolrServerConfigImpl.activate(SolrServerConfigImpl.java:50)
	at com.adobe.aem.core.impl.SolrServerConfigTest.testGetSolrProtocol(SolrServerConfigTest.java:55)
</error>
    <system-err><![CDATA[SLF4J: The requested version 1.6 by your slf4j binding is not compatible with [1.5.5, 1.5.6, 1.5.7, 1.5.8, 1.5.9, 1.5.10, 1.5.11]
SLF4J: See http://www.slf4j.org/codes.html#version_mismatch for further details.
log4j:WARN No appenders could be found for logger (com.adobe.aem.core.impl.SolrServerConfigTest).
log4j:WARN Please initialize the log4j system properly.
log4j:WARN See http://logging.apache.org/log4j/1.2/faq.html#noconfig for more info.
]]></system-err>
  </testcase>
  <testcase name="testGetContentPagePath" classname="com.adobe.aem.core.impl.SolrServerConfigTest" time="0">
    <error type="java.lang.NullPointerException:">java.lang.NullPointerException: null
	at com.adobe.aem.core.impl.SolrServerConfigImpl.activate(SolrServerConfigImpl.java:50)
	at com.adobe.aem.core.impl.SolrServerConfigTest.testGetContentPagePath(SolrServerConfigTest.java:64)
</error>
  </testcase>
  <testcase name="testGetSolrCoreName" classname="com.adobe.aem.core.impl.SolrServerConfigTest" time="0.001">
    <error type="java.lang.NullPointerException:">java.lang.NullPointerException: null
	at com.adobe.aem.core.impl.SolrServerConfigImpl.activate(SolrServerConfigImpl.java:50)
	at com.adobe.aem.core.impl.SolrServerConfigTest.testGetSolrCoreName(SolrServerConfigTest.java:73)
</error>
  </testcase>
  <testcase name="testGetSolrServerName" classname="com.adobe.aem.core.impl.SolrServerConfigTest" time="0.001">
    <error type="java.lang.NullPointerException:">java.lang.NullPointerException: null
	at com.adobe.aem.core.impl.SolrServerConfigImpl.activate(SolrServerConfigImpl.java:50)
	at com.adobe.aem.core.impl.SolrServerConfigTest.testGetSolrServerName(SolrServerConfigTest.java:82)
</error>
  </testcase>
  <testcase name="testGetSolrServerPort" classname="com.adobe.aem.core.impl.SolrServerConfigTest" time="0.001">
    <error type="java.lang.NullPointerException:">java.lang.NullPointerException: null
	at com.adobe.aem.core.impl.SolrServerConfigImpl.activate(SolrServerConfigImpl.java:50)
	at com.adobe.aem.core.impl.SolrServerConfigTest.testGetSolrServerPort(SolrServerConfigTest.java:91)
</error>
  </testcase>
</testsuite>